SF:lib/ui/color_changer_app.dart
DA:13,1
DA:15,1
DA:16,1
DA:23,1
DA:25,2
DA:26,1
DA:29,0
DA:31,0
DA:32,0
DA:44,1
DA:46,1
DA:47,1
DA:48,1
DA:49,1
DA:52,0
DA:53,1
DA:54,1
DA:56,0
DA:57,0
LF:19
LH:13
end_of_record
SF:lib/ui/home_page.dart
DA:22,1
DA:26,1
DA:28,1
DA:29,1
DA:36,0
DA:38,0
DA:41,0
DA:42,0
DA:46,1
DA:48,1
DA:50,1
DA:51,1
DA:52,1
DA:53,1
DA:54,1
DA:57,1
DA:62,1
DA:65,1
DA:70,1
DA:72,2
DA:73,2
LF:21
LH:17
end_of_record
SF:lib/logic/background_color_logic.dart
DA:10,0
DA:11,0
DA:13,0
DA:15,0
DA:16,0
DA:17,0
LF:6
LH:0
end_of_record
